<?xml version="1.0" encoding="UTF-8"?>
<testng-results total="1" passed="1" failed="0" skipped="0">
  <reporter-output>
  </reporter-output>
  <suite started-at="2022-10-13T15:44:51Z" name="Default suite" finished-at="2022-10-13T15:45:00Z" duration-ms="8609">
    <groups>
    </groups>
    <test started-at="2022-10-13T15:44:51Z" name="Default test" finished-at="2022-10-13T15:45:00Z" duration-ms="8609">
      <class name="com.demo.capstoneproj.AutomateLogin">
        <test-method is-config="true" signature="beforeSuite()[pri:0, instance:com.demo.capstoneproj.AutomateLogin@34f22f9d]" started-at="2022-10-13T21:14:51Z" name="beforeSuite" finished-at="2022-10-13T21:14:51Z" duration-ms="8" status="PASS">
          <reporter-output>
          </reporter-output>
        </test-method> <!-- beforeSuite -->
        <test-method is-config="true" signature="beforeTest()[pri:0, instance:com.demo.capstoneproj.AutomateLogin@34f22f9d]" started-at="2022-10-13T21:14:51Z" name="beforeTest" finished-at="2022-10-13T21:14:56Z" duration-ms="4731" status="PASS">
          <reporter-output>
          </reporter-output>
        </test-method> <!-- beforeTest -->
        <test-method is-config="true" signature="beforeClass()[pri:0, instance:com.demo.capstoneproj.AutomateLogin@34f22f9d]" started-at="2022-10-13T21:14:56Z" name="beforeClass" finished-at="2022-10-13T21:14:56Z" duration-ms="2" status="PASS">
          <reporter-output>
          </reporter-output>
        </test-method> <!-- beforeClass -->
        <test-method is-config="true" signature="beforeMethod()[pri:0, instance:com.demo.capstoneproj.AutomateLogin@34f22f9d]" started-at="2022-10-13T21:14:56Z" name="beforeMethod" finished-at="2022-10-13T21:14:56Z" duration-ms="0" status="PASS">
          <reporter-output>
          </reporter-output>
        </test-method> <!-- beforeMethod -->
        <test-method signature="f()[pri:0, instance:com.demo.capstoneproj.AutomateLogin@34f22f9d]" started-at="2022-10-13T21:14:56Z" name="f" finished-at="2022-10-13T21:15:00Z" duration-ms="3844" status="PASS">
          <reporter-output>
          </reporter-output>
        </test-method> <!-- f -->
        <test-method is-config="true" signature="afterMethod()[pri:0, instance:com.demo.capstoneproj.AutomateLogin@34f22f9d]" started-at="2022-10-13T21:15:00Z" name="afterMethod" finished-at="2022-10-13T21:15:00Z" duration-ms="1" status="PASS">
          <reporter-output>
          </reporter-output>
        </test-method> <!-- afterMethod -->
        <test-method is-config="true" signature="afterClass()[pri:0, instance:com.demo.capstoneproj.AutomateLogin@34f22f9d]" started-at="2022-10-13T21:15:00Z" name="afterClass" finished-at="2022-10-13T21:15:00Z" duration-ms="0" status="PASS">
          <reporter-output>
          </reporter-output>
        </test-method> <!-- afterClass -->
        <test-method is-config="true" signature="afterTest()[pri:0, instance:com.demo.capstoneproj.AutomateLogin@34f22f9d]" started-at="2022-10-13T21:15:00Z" name="afterTest" finished-at="2022-10-13T21:15:00Z" duration-ms="0" status="PASS">
          <reporter-output>
          </reporter-output>
        </test-method> <!-- afterTest -->
        <test-method is-config="true" signature="afterSuite()[pri:0, instance:com.demo.capstoneproj.AutomateLogin@34f22f9d]" started-at="2022-10-13T21:15:00Z" name="afterSuite" finished-at="2022-10-13T21:15:00Z" duration-ms="0" status="PASS">
          <reporter-output>
          </reporter-output>
        </test-method> <!-- afterSuite -->
      </class> <!-- com.demo.capstoneproj.AutomateLogin -->
    </test> <!-- Default test -->
  </suite> <!-- Default suite -->
</testng-results>
